<?xml version="1.0" encoding="UTF-8"?>
<!-- Generated by org.testng.reporters.JUnitXMLReporter -->
<testsuite hostname="a25595" name="Work_Card" tests="14" failures="3" timestamp="24 Sep 2017 19:48:11 GMT" time="604.822" errors="0">
  <testcase name="updateCarNo" time="16.067" classname="automationFramework.UpdateCarNo"/>
  <testcase name="updateCarNo" time="18.936" classname="automationFramework.UpdateCarNo"/>
  <testcase name="updateCarNo" time="17.946" classname="automationFramework.UpdateCarNo"/>
  <testcase name="updateDayWorkCard" time="21.22" classname="automationFramework.UpdateDayWorkCard"/>
  <testcase name="updateDayWorkCard" time="19.417" classname="automationFramework.UpdateDayWorkCard"/>
  <testcase name="chkEmptyActivityMapa" time="22.623" classname="automationFramework.EmptyActivityMapa"/>
  <testcase name="chkEmptyActivityBetween" time="25.901" classname="automationFramework.EmptyActivityBetween"/>
  <testcase name="addAbsences" time="86.858" classname="automationFramework.AddAbsences"/>
  <testcase name="addActivity" time="22.373" classname="automationFramework.AddActivity"/>
  <testcase name="addSpecialSchedule" time="31.752" classname="automationFramework.AddSpecialSchedule"/>
  <testcase name="chkMenahelBameshek" time="59.463" classname="automationFramework.MenahelBameshek"/>
  <testcase name="addScheduleMapa" time="48.202" classname="automationFramework.AddScheduleMapa">
    <failure type="org.openqa.selenium.UnhandledAlertException" message="Modal dialog present: There was an errorSys.WebForms.PageRequestManagerServerErrorException: ORA-04052: error occurred when looking up remote object KDS_GW.KDS_SIDUR_AVODA_PACK@KDS_GW_AT_TNPR
ORA-00604: error occurred at recursive SQL level 1
ORA-02019: connection description for remote database not found
ORA-06508: PL/SQL: could not find program unit being called: &amp;quot;KDSADMIN.PKG_SUG_SIDUR&amp;quot;
ORA-06512: at line 1
Build info: version: &amp;apos;unknown&amp;apos;, revision: &amp;apos;1969d75&amp;apos;, time: &amp;apos;2016-10-18 09:43:45 -0700&amp;apos;
System info: host: &amp;apos;a25595&amp;apos;, ip: &amp;apos;10.0.6.81&amp;apos;, os.name: &amp;apos;Windows 10&amp;apos;, os.arch: &amp;apos;amd64&amp;apos;, os.version: &amp;apos;10.0&amp;apos;, java.version: &amp;apos;1.8.0_111&amp;apos;
Driver info: org.openqa.selenium.ie.InternetExplorerDriver
Capabilities [{browserAttachTimeout=0, enablePersistentHover=true, ie.forceCreateProcessApi=false, pageLoadStrategy=normal, ie.usePerProcessProxy=false, ignoreZoomSetting=false, handlesAlerts=true, version=11, platform=WINDOWS, nativeEvents=true, ie.ensureCleanSession=false, elementScrollBehavior=0, ie.browserCommandLineSwitches=, requireWindowFocus=false, browserName=internet explorer, initialBrowserUrl=http://localhost:48337/, takesScreenshot=true, javascriptEnabled=true, ignoreProtectedModeSettings=false, enableElementCacheCleanup=true, cssSelectorsEnabled=true, unexpectedAlertBehaviour=dismiss}]
Session ID: 70c80804-dac5-4d79-b5be-f1d5b344490f">
      <![CDATA[org.openqa.selenium.UnhandledAlertException: Modal dialog present: There was an errorSys.WebForms.PageRequestManagerServerErrorException: ORA-04052: error occurred when looking up remote object KDS_GW.KDS_SIDUR_AVODA_PACK@KDS_GW_AT_TNPR
ORA-00604: error occurred at recursive SQL level 1
ORA-02019: connection description for remote database not found
ORA-06508: PL/SQL: could not find program unit being called: "KDSADMIN.PKG_SUG_SIDUR"
ORA-06512: at line 1
Build info: version: 'unknown', revision: '1969d75', time: '2016-10-18 09:43:45 -0700'
System info: host: 'a25595', ip: '10.0.6.81', os.name: 'Windows 10', os.arch: 'amd64', os.version: '10.0', java.version: '1.8.0_111'
Driver info: org.openqa.selenium.ie.InternetExplorerDriver
Capabilities [{browserAttachTimeout=0, enablePersistentHover=true, ie.forceCreateProcessApi=false, pageLoadStrategy=normal, ie.usePerProcessProxy=false, ignoreZoomSetting=false, handlesAlerts=true, version=11, platform=WINDOWS, nativeEvents=true, ie.ensureCleanSession=false, elementScrollBehavior=0, ie.browserCommandLineSwitches=, requireWindowFocus=false, browserName=internet explorer, initialBrowserUrl=http://localhost:48337/, takesScreenshot=true, javascriptEnabled=true, ignoreProtectedModeSettings=false, enableElementCacheCleanup=true, cssSelectorsEnabled=true, unexpectedAlertBehaviour=dismiss}]
Session ID: 70c80804-dac5-4d79-b5be-f1d5b344490f
	at org.openqa.selenium.remote.ErrorHandler.createThrowable(ErrorHandler.java:216)
	at org.openqa.selenium.remote.ErrorHandler.createUnhandledAlertException(ErrorHandler.java:197)
	at org.openqa.selenium.remote.ErrorHandler.throwIfResponseFailed(ErrorHandler.java:158)
	at org.openqa.selenium.remote.RemoteWebDriver.execute(RemoteWebDriver.java:635)
	at org.openqa.selenium.remote.RemoteWebDriver.execute(RemoteWebDriver.java:658)
	at org.openqa.selenium.ie.InternetExplorerDriver.getScreenshotAs(InternetExplorerDriver.java:192)
	at Listener.TestListener.CaptureScreenShot(TestListener.java:40)
	at Listener.TestListener.onTestFailure(TestListener.java:22)
... Removed 24 stack frames]]>
    </failure>
  </testcase> <!-- addScheduleMapa -->
  <testcase name="openRechivim" time="18.185" classname="automationFramework.OpenRechivimErrors">
    <failure type="org.openqa.selenium.UnhandledAlertException" message="Modal dialog present: קיימות שגיאות בכרטיס/בעיה בחישוב ולא ניתן לחשב את הרכיבים. יש לתקן את השגיאות ולפתוח מחדש את מסך רכיבים מחושבים
Build info: version: &amp;apos;unknown&amp;apos;, revision: &amp;apos;1969d75&amp;apos;, time: &amp;apos;2016-10-18 09:43:45 -0700&amp;apos;
System info: host: &amp;apos;a25595&amp;apos;, ip: &amp;apos;10.0.6.81&amp;apos;, os.name: &amp;apos;Windows 10&amp;apos;, os.arch: &amp;apos;amd64&amp;apos;, os.version: &amp;apos;10.0&amp;apos;, java.version: &amp;apos;1.8.0_111&amp;apos;
Driver info: org.openqa.selenium.ie.InternetExplorerDriver
Capabilities [{browserAttachTimeout=0, enablePersistentHover=true, ie.forceCreateProcessApi=false, pageLoadStrategy=normal, ie.usePerProcessProxy=false, ignoreZoomSetting=false, handlesAlerts=true, version=11, platform=WINDOWS, nativeEvents=true, ie.ensureCleanSession=false, elementScrollBehavior=0, ie.browserCommandLineSwitches=, requireWindowFocus=false, browserName=internet explorer, initialBrowserUrl=http://localhost:20862/, takesScreenshot=true, javascriptEnabled=true, ignoreProtectedModeSettings=false, enableElementCacheCleanup=true, cssSelectorsEnabled=true, unexpectedAlertBehaviour=dismiss}]
Session ID: 1abfb536-93a6-4e30-ab02-3c2042e59f12">
      <![CDATA[org.openqa.selenium.UnhandledAlertException: Modal dialog present: קיימות שגיאות בכרטיס/בעיה בחישוב ולא ניתן לחשב את הרכיבים. יש לתקן את השגיאות ולפתוח מחדש את מסך רכיבים מחושבים
Build info: version: 'unknown', revision: '1969d75', time: '2016-10-18 09:43:45 -0700'
System info: host: 'a25595', ip: '10.0.6.81', os.name: 'Windows 10', os.arch: 'amd64', os.version: '10.0', java.version: '1.8.0_111'
Driver info: org.openqa.selenium.ie.InternetExplorerDriver
Capabilities [{browserAttachTimeout=0, enablePersistentHover=true, ie.forceCreateProcessApi=false, pageLoadStrategy=normal, ie.usePerProcessProxy=false, ignoreZoomSetting=false, handlesAlerts=true, version=11, platform=WINDOWS, nativeEvents=true, ie.ensureCleanSession=false, elementScrollBehavior=0, ie.browserCommandLineSwitches=, requireWindowFocus=false, browserName=internet explorer, initialBrowserUrl=http://localhost:20862/, takesScreenshot=true, javascriptEnabled=true, ignoreProtectedModeSettings=false, enableElementCacheCleanup=true, cssSelectorsEnabled=true, unexpectedAlertBehaviour=dismiss}]
Session ID: 1abfb536-93a6-4e30-ab02-3c2042e59f12
	at org.openqa.selenium.remote.ErrorHandler.createThrowable(ErrorHandler.java:216)
	at org.openqa.selenium.remote.ErrorHandler.createUnhandledAlertException(ErrorHandler.java:197)
	at org.openqa.selenium.remote.ErrorHandler.throwIfResponseFailed(ErrorHandler.java:158)
	at org.openqa.selenium.remote.RemoteWebDriver.execute(RemoteWebDriver.java:635)
	at org.openqa.selenium.remote.RemoteWebDriver.execute(RemoteWebDriver.java:658)
	at org.openqa.selenium.remote.RemoteWebDriver.getCurrentUrl(RemoteWebDriver.java:332)
	at utils.Utilsfn.waitForWindow(Utilsfn.java:70)
	at automationFramework.OpenRechivimErrors.openRechivim(OpenRechivimErrors.java:28)
... Removed 27 stack frames]]>
    </failure>
  </testcase> <!-- openRechivim -->
  <testcase name="openErrors" time="13.825" classname="automationFramework.OpenRechivimErrors">
    <failure type="java.lang.AssertionError" message="expected [http://kdsshaldor/Modules/Ovdim/WorkCardErrors.aspx?] but found [http://kdstest/Modules/Ovdim/WorkCardErrors.aspx?]">
      <![CDATA[java.lang.AssertionError: expected [http://kdsshaldor/Modules/Ovdim/WorkCardErrors.aspx?] but found [http://kdstest/Modules/Ovdim/WorkCardErrors.aspx?]
	at automationFramework.OpenRechivimErrors.openErrors(OpenRechivimErrors.java:62)
... Removed 28 stack frames]]>
    </failure>
  </testcase> <!-- openErrors -->
</testsuite> <!-- Work_Card -->
